29-Sep-2017 11:41:51.109 INFO [localhost-startStop-1] org.apache.catalina.core.ApplicationContext.log ContextListener: contextInitialized()
29-Sep-2017 11:41:51.109 INFO [localhost-startStop-1] org.apache.catalina.core.ApplicationContext.log SessionListener: contextInitialized()
29-Sep-2017 11:57:23.884 SEVERE [localhost-startStop-2] org.apache.catalina.core.ApplicationContext.log StandardWrapper.Throwable
 com.sun.jersey.api.container.ContainerException: The ResourceConfig instance does not contain any root resource classes.
	at com.sun.jersey.server.impl.application.RootResourceUriRules.<init>(RootResourceUriRules.java:99)
	at com.sun.jersey.server.impl.application.WebApplicationImpl._initiate(WebApplicationImpl.java:1331)
	at com.sun.jersey.server.impl.application.WebApplicationImpl.access$700(WebApplicationImpl.java:168)
	at com.sun.jersey.server.impl.application.WebApplicationImpl$13.f(WebApplicationImpl.java:774)
	at com.sun.jersey.server.impl.application.WebApplicationImpl$13.f(WebApplicationImpl.java:770)
	at com.sun.jersey.spi.inject.Errors.processWithErrors(Errors.java:193)
	at com.sun.jersey.server.impl.application.WebApplicationImpl.initiate(WebApplicationImpl.java:770)
	at com.sun.jersey.server.impl.application.WebApplicationImpl.initiate(WebApplicationImpl.java:765)
	at com.sun.jersey.spi.container.servlet.ServletContainer.initiate(ServletContainer.java:489)
	at com.sun.jersey.spi.container.servlet.ServletContainer$InternalWebComponent.initiate(ServletContainer.java:319)
	at com.sun.jersey.spi.container.servlet.WebComponent.load(WebComponent.java:605)
	at com.sun.jersey.spi.container.servlet.WebComponent.init(WebComponent.java:210)
	at com.sun.jersey.spi.container.servlet.ServletContainer.init(ServletContainer.java:374)
	at com.sun.jersey.spi.container.servlet.ServletContainer.init(ServletContainer.java:557)
	at javax.servlet.GenericServlet.init(GenericServlet.java:158)
	at org.apache.catalina.core.StandardWrapper.initServlet(StandardWrapper.java:1183)
	at org.apache.catalina.core.StandardWrapper.loadServlet(StandardWrapper.java:1099)
	at org.apache.catalina.core.StandardWrapper.load(StandardWrapper.java:989)
	at org.apache.catalina.core.StandardContext.loadOnStartup(StandardContext.java:4931)
	at org.apache.catalina.core.StandardContext.startInternal(StandardContext.java:5241)
	at org.apache.catalina.util.LifecycleBase.start(LifecycleBase.java:150)
	at org.apache.catalina.core.ContainerBase.addChildInternal(ContainerBase.java:752)
	at org.apache.catalina.core.ContainerBase.addChild(ContainerBase.java:728)
	at org.apache.catalina.core.StandardHost.addChild(StandardHost.java:734)
	at org.apache.catalina.startup.HostConfig.deployWAR(HostConfig.java:988)
	at org.apache.catalina.startup.HostConfig$DeployWar.run(HostConfig.java:1860)
	at java.util.concurrent.Executors$RunnableAdapter.call(Executors.java:511)
	at java.util.concurrent.FutureTask.run(FutureTask.java:266)
	at java.util.concurrent.ThreadPoolExecutor.runWorker(ThreadPoolExecutor.java:1149)
	at java.util.concurrent.ThreadPoolExecutor$Worker.run(ThreadPoolExecutor.java:624)
	at java.lang.Thread.run(Thread.java:748)

29-Sep-2017 11:57:23.884 SEVERE [localhost-startStop-2] org.apache.catalina.core.StandardContext.loadOnStartup Servlet [jersey-serlvet] in web application [/Narwhal] threw load() exception
 com.sun.jersey.api.container.ContainerException: The ResourceConfig instance does not contain any root resource classes.
	at com.sun.jersey.server.impl.application.RootResourceUriRules.<init>(RootResourceUriRules.java:99)
	at com.sun.jersey.server.impl.application.WebApplicationImpl._initiate(WebApplicationImpl.java:1331)
	at com.sun.jersey.server.impl.application.WebApplicationImpl.access$700(WebApplicationImpl.java:168)
	at com.sun.jersey.server.impl.application.WebApplicationImpl$13.f(WebApplicationImpl.java:774)
	at com.sun.jersey.server.impl.application.WebApplicationImpl$13.f(WebApplicationImpl.java:770)
	at com.sun.jersey.spi.inject.Errors.processWithErrors(Errors.java:193)
	at com.sun.jersey.server.impl.application.WebApplicationImpl.initiate(WebApplicationImpl.java:770)
	at com.sun.jersey.server.impl.application.WebApplicationImpl.initiate(WebApplicationImpl.java:765)
	at com.sun.jersey.spi.container.servlet.ServletContainer.initiate(ServletContainer.java:489)
	at com.sun.jersey.spi.container.servlet.ServletContainer$InternalWebComponent.initiate(ServletContainer.java:319)
	at com.sun.jersey.spi.container.servlet.WebComponent.load(WebComponent.java:605)
	at com.sun.jersey.spi.container.servlet.WebComponent.init(WebComponent.java:210)
	at com.sun.jersey.spi.container.servlet.ServletContainer.init(ServletContainer.java:374)
	at com.sun.jersey.spi.container.servlet.ServletContainer.init(ServletContainer.java:557)
	at javax.servlet.GenericServlet.init(GenericServlet.java:158)
	at org.apache.catalina.core.StandardWrapper.initServlet(StandardWrapper.java:1183)
	at org.apache.catalina.core.StandardWrapper.loadServlet(StandardWrapper.java:1099)
	at org.apache.catalina.core.StandardWrapper.load(StandardWrapper.java:989)
	at org.apache.catalina.core.StandardContext.loadOnStartup(StandardContext.java:4931)
	at org.apache.catalina.core.StandardContext.startInternal(StandardContext.java:5241)
	at org.apache.catalina.util.LifecycleBase.start(LifecycleBase.java:150)
	at org.apache.catalina.core.ContainerBase.addChildInternal(ContainerBase.java:752)
	at org.apache.catalina.core.ContainerBase.addChild(ContainerBase.java:728)
	at org.apache.catalina.core.StandardHost.addChild(StandardHost.java:734)
	at org.apache.catalina.startup.HostConfig.deployWAR(HostConfig.java:988)
	at org.apache.catalina.startup.HostConfig$DeployWar.run(HostConfig.java:1860)
	at java.util.concurrent.Executors$RunnableAdapter.call(Executors.java:511)
	at java.util.concurrent.FutureTask.run(FutureTask.java:266)
	at java.util.concurrent.ThreadPoolExecutor.runWorker(ThreadPoolExecutor.java:1149)
	at java.util.concurrent.ThreadPoolExecutor$Worker.run(ThreadPoolExecutor.java:624)
	at java.lang.Thread.run(Thread.java:748)

29-Sep-2017 11:57:26.751 SEVERE [localhost-startStop-1] org.apache.catalina.core.ApplicationContext.log StandardWrapper.Throwable
 com.sun.jersey.api.container.ContainerException: The ResourceConfig instance does not contain any root resource classes.
	at com.sun.jersey.server.impl.application.RootResourceUriRules.<init>(RootResourceUriRules.java:99)
	at com.sun.jersey.server.impl.application.WebApplicationImpl._initiate(WebApplicationImpl.java:1331)
	at com.sun.jersey.server.impl.application.WebApplicationImpl.access$700(WebApplicationImpl.java:168)
	at com.sun.jersey.server.impl.application.WebApplicationImpl$13.f(WebApplicationImpl.java:774)
	at com.sun.jersey.server.impl.application.WebApplicationImpl$13.f(WebApplicationImpl.java:770)
	at com.sun.jersey.spi.inject.Errors.processWithErrors(Errors.java:193)
	at com.sun.jersey.server.impl.application.WebApplicationImpl.initiate(WebApplicationImpl.java:770)
	at com.sun.jersey.server.impl.application.WebApplicationImpl.initiate(WebApplicationImpl.java:765)
	at com.sun.jersey.spi.container.servlet.ServletContainer.initiate(ServletContainer.java:489)
	at com.sun.jersey.spi.container.servlet.ServletContainer$InternalWebComponent.initiate(ServletContainer.java:319)
	at com.sun.jersey.spi.container.servlet.WebComponent.load(WebComponent.java:605)
	at com.sun.jersey.spi.container.servlet.WebComponent.init(WebComponent.java:210)
	at com.sun.jersey.spi.container.servlet.ServletContainer.init(ServletContainer.java:374)
	at com.sun.jersey.spi.container.servlet.ServletContainer.init(ServletContainer.java:557)
	at javax.servlet.GenericServlet.init(GenericServlet.java:158)
	at org.apache.catalina.core.StandardWrapper.initServlet(StandardWrapper.java:1183)
	at org.apache.catalina.core.StandardWrapper.loadServlet(StandardWrapper.java:1099)
	at org.apache.catalina.core.StandardWrapper.load(StandardWrapper.java:989)
	at org.apache.catalina.core.StandardContext.loadOnStartup(StandardContext.java:4931)
	at org.apache.catalina.core.StandardContext.startInternal(StandardContext.java:5241)
	at org.apache.catalina.util.LifecycleBase.start(LifecycleBase.java:150)
	at org.apache.catalina.core.ContainerBase.addChildInternal(ContainerBase.java:752)
	at org.apache.catalina.core.ContainerBase.addChild(ContainerBase.java:728)
	at org.apache.catalina.core.StandardHost.addChild(StandardHost.java:734)
	at org.apache.catalina.startup.HostConfig.deployWAR(HostConfig.java:988)
	at org.apache.catalina.startup.HostConfig$DeployWar.run(HostConfig.java:1860)
	at java.util.concurrent.Executors$RunnableAdapter.call(Executors.java:511)
	at java.util.concurrent.FutureTask.run(FutureTask.java:266)
	at java.util.concurrent.ThreadPoolExecutor.runWorker(ThreadPoolExecutor.java:1149)
	at java.util.concurrent.ThreadPoolExecutor$Worker.run(ThreadPoolExecutor.java:624)
	at java.lang.Thread.run(Thread.java:748)

29-Sep-2017 11:57:26.751 SEVERE [localhost-startStop-1] org.apache.catalina.core.StandardContext.loadOnStartup Servlet [jersey-serlvet] in web application [/Narwhal] threw load() exception
 com.sun.jersey.api.container.ContainerException: The ResourceConfig instance does not contain any root resource classes.
	at com.sun.jersey.server.impl.application.RootResourceUriRules.<init>(RootResourceUriRules.java:99)
	at com.sun.jersey.server.impl.application.WebApplicationImpl._initiate(WebApplicationImpl.java:1331)
	at com.sun.jersey.server.impl.application.WebApplicationImpl.access$700(WebApplicationImpl.java:168)
	at com.sun.jersey.server.impl.application.WebApplicationImpl$13.f(WebApplicationImpl.java:774)
	at com.sun.jersey.server.impl.application.WebApplicationImpl$13.f(WebApplicationImpl.java:770)
	at com.sun.jersey.spi.inject.Errors.processWithErrors(Errors.java:193)
	at com.sun.jersey.server.impl.application.WebApplicationImpl.initiate(WebApplicationImpl.java:770)
	at com.sun.jersey.server.impl.application.WebApplicationImpl.initiate(WebApplicationImpl.java:765)
	at com.sun.jersey.spi.container.servlet.ServletContainer.initiate(ServletContainer.java:489)
	at com.sun.jersey.spi.container.servlet.ServletContainer$InternalWebComponent.initiate(ServletContainer.java:319)
	at com.sun.jersey.spi.container.servlet.WebComponent.load(WebComponent.java:605)
	at com.sun.jersey.spi.container.servlet.WebComponent.init(WebComponent.java:210)
	at com.sun.jersey.spi.container.servlet.ServletContainer.init(ServletContainer.java:374)
	at com.sun.jersey.spi.container.servlet.ServletContainer.init(ServletContainer.java:557)
	at javax.servlet.GenericServlet.init(GenericServlet.java:158)
	at org.apache.catalina.core.StandardWrapper.initServlet(StandardWrapper.java:1183)
	at org.apache.catalina.core.StandardWrapper.loadServlet(StandardWrapper.java:1099)
	at org.apache.catalina.core.StandardWrapper.load(StandardWrapper.java:989)
	at org.apache.catalina.core.StandardContext.loadOnStartup(StandardContext.java:4931)
	at org.apache.catalina.core.StandardContext.startInternal(StandardContext.java:5241)
	at org.apache.catalina.util.LifecycleBase.start(LifecycleBase.java:150)
	at org.apache.catalina.core.ContainerBase.addChildInternal(ContainerBase.java:752)
	at org.apache.catalina.core.ContainerBase.addChild(ContainerBase.java:728)
	at org.apache.catalina.core.StandardHost.addChild(StandardHost.java:734)
	at org.apache.catalina.startup.HostConfig.deployWAR(HostConfig.java:988)
	at org.apache.catalina.startup.HostConfig$DeployWar.run(HostConfig.java:1860)
	at java.util.concurrent.Executors$RunnableAdapter.call(Executors.java:511)
	at java.util.concurrent.FutureTask.run(FutureTask.java:266)
	at java.util.concurrent.ThreadPoolExecutor.runWorker(ThreadPoolExecutor.java:1149)
	at java.util.concurrent.ThreadPoolExecutor$Worker.run(ThreadPoolExecutor.java:624)
	at java.lang.Thread.run(Thread.java:748)

29-Sep-2017 11:57:26.992 INFO [localhost-startStop-1] org.apache.catalina.core.ApplicationContext.log ContextListener: contextInitialized()
29-Sep-2017 11:57:26.993 INFO [localhost-startStop-1] org.apache.catalina.core.ApplicationContext.log SessionListener: contextInitialized()
29-Sep-2017 11:57:27.086 INFO [localhost-startStop-1] org.apache.catalina.core.ApplicationContext.log SessionListener: contextDestroyed()
29-Sep-2017 11:57:27.086 INFO [localhost-startStop-1] org.apache.catalina.core.ApplicationContext.log ContextListener: contextDestroyed()
29-Sep-2017 12:25:36.336 INFO [localhost-startStop-1] org.apache.catalina.core.ApplicationContext.log ContextListener: contextInitialized()
29-Sep-2017 12:25:36.336 INFO [localhost-startStop-1] org.apache.catalina.core.ApplicationContext.log SessionListener: contextInitialized()
29-Sep-2017 12:25:36.421 INFO [localhost-startStop-1] org.apache.catalina.core.ApplicationContext.log SessionListener: contextDestroyed()
29-Sep-2017 12:25:36.421 INFO [localhost-startStop-1] org.apache.catalina.core.ApplicationContext.log ContextListener: contextDestroyed()
29-Sep-2017 12:25:37.612 SEVERE [localhost-startStop-3] org.apache.catalina.core.ApplicationContext.log StandardWrapper.Throwable
 com.sun.jersey.api.container.ContainerException: The ResourceConfig instance does not contain any root resource classes.
	at com.sun.jersey.server.impl.application.RootResourceUriRules.<init>(RootResourceUriRules.java:99)
	at com.sun.jersey.server.impl.application.WebApplicationImpl._initiate(WebApplicationImpl.java:1331)
	at com.sun.jersey.server.impl.application.WebApplicationImpl.access$700(WebApplicationImpl.java:168)
	at com.sun.jersey.server.impl.application.WebApplicationImpl$13.f(WebApplicationImpl.java:774)
	at com.sun.jersey.server.impl.application.WebApplicationImpl$13.f(WebApplicationImpl.java:770)
	at com.sun.jersey.spi.inject.Errors.processWithErrors(Errors.java:193)
	at com.sun.jersey.server.impl.application.WebApplicationImpl.initiate(WebApplicationImpl.java:770)
	at com.sun.jersey.server.impl.application.WebApplicationImpl.initiate(WebApplicationImpl.java:765)
	at com.sun.jersey.spi.container.servlet.ServletContainer.initiate(ServletContainer.java:489)
	at com.sun.jersey.spi.container.servlet.ServletContainer$InternalWebComponent.initiate(ServletContainer.java:319)
	at com.sun.jersey.spi.container.servlet.WebComponent.load(WebComponent.java:605)
	at com.sun.jersey.spi.container.servlet.WebComponent.init(WebComponent.java:210)
	at com.sun.jersey.spi.container.servlet.ServletContainer.init(ServletContainer.java:374)
	at com.sun.jersey.spi.container.servlet.ServletContainer.init(ServletContainer.java:557)
	at javax.servlet.GenericServlet.init(GenericServlet.java:158)
	at org.apache.catalina.core.StandardWrapper.initServlet(StandardWrapper.java:1183)
	at org.apache.catalina.core.StandardWrapper.loadServlet(StandardWrapper.java:1099)
	at org.apache.catalina.core.StandardWrapper.load(StandardWrapper.java:989)
	at org.apache.catalina.core.StandardContext.loadOnStartup(StandardContext.java:4931)
	at org.apache.catalina.core.StandardContext.startInternal(StandardContext.java:5241)
	at org.apache.catalina.util.LifecycleBase.start(LifecycleBase.java:150)
	at org.apache.catalina.core.ContainerBase.addChildInternal(ContainerBase.java:752)
	at org.apache.catalina.core.ContainerBase.addChild(ContainerBase.java:728)
	at org.apache.catalina.core.StandardHost.addChild(StandardHost.java:734)
	at org.apache.catalina.startup.HostConfig.deployWAR(HostConfig.java:988)
	at org.apache.catalina.startup.HostConfig$DeployWar.run(HostConfig.java:1860)
	at java.util.concurrent.Executors$RunnableAdapter.call(Executors.java:511)
	at java.util.concurrent.FutureTask.run(FutureTask.java:266)
	at java.util.concurrent.ThreadPoolExecutor.runWorker(ThreadPoolExecutor.java:1149)
	at java.util.concurrent.ThreadPoolExecutor$Worker.run(ThreadPoolExecutor.java:624)
	at java.lang.Thread.run(Thread.java:748)

29-Sep-2017 12:25:37.612 SEVERE [localhost-startStop-3] org.apache.catalina.core.StandardContext.loadOnStartup Servlet [jersey-serlvet] in web application [/Narwhal] threw load() exception
 com.sun.jersey.api.container.ContainerException: The ResourceConfig instance does not contain any root resource classes.
	at com.sun.jersey.server.impl.application.RootResourceUriRules.<init>(RootResourceUriRules.java:99)
	at com.sun.jersey.server.impl.application.WebApplicationImpl._initiate(WebApplicationImpl.java:1331)
	at com.sun.jersey.server.impl.application.WebApplicationImpl.access$700(WebApplicationImpl.java:168)
	at com.sun.jersey.server.impl.application.WebApplicationImpl$13.f(WebApplicationImpl.java:774)
	at com.sun.jersey.server.impl.application.WebApplicationImpl$13.f(WebApplicationImpl.java:770)
	at com.sun.jersey.spi.inject.Errors.processWithErrors(Errors.java:193)
	at com.sun.jersey.server.impl.application.WebApplicationImpl.initiate(WebApplicationImpl.java:770)
	at com.sun.jersey.server.impl.application.WebApplicationImpl.initiate(WebApplicationImpl.java:765)
	at com.sun.jersey.spi.container.servlet.ServletContainer.initiate(ServletContainer.java:489)
	at com.sun.jersey.spi.container.servlet.ServletContainer$InternalWebComponent.initiate(ServletContainer.java:319)
	at com.sun.jersey.spi.container.servlet.WebComponent.load(WebComponent.java:605)
	at com.sun.jersey.spi.container.servlet.WebComponent.init(WebComponent.java:210)
	at com.sun.jersey.spi.container.servlet.ServletContainer.init(ServletContainer.java:374)
	at com.sun.jersey.spi.container.servlet.ServletContainer.init(ServletContainer.java:557)
	at javax.servlet.GenericServlet.init(GenericServlet.java:158)
	at org.apache.catalina.core.StandardWrapper.initServlet(StandardWrapper.java:1183)
	at org.apache.catalina.core.StandardWrapper.loadServlet(StandardWrapper.java:1099)
	at org.apache.catalina.core.StandardWrapper.load(StandardWrapper.java:989)
	at org.apache.catalina.core.StandardContext.loadOnStartup(StandardContext.java:4931)
	at org.apache.catalina.core.StandardContext.startInternal(StandardContext.java:5241)
	at org.apache.catalina.util.LifecycleBase.start(LifecycleBase.java:150)
	at org.apache.catalina.core.ContainerBase.addChildInternal(ContainerBase.java:752)
	at org.apache.catalina.core.ContainerBase.addChild(ContainerBase.java:728)
	at org.apache.catalina.core.StandardHost.addChild(StandardHost.java:734)
	at org.apache.catalina.startup.HostConfig.deployWAR(HostConfig.java:988)
	at org.apache.catalina.startup.HostConfig$DeployWar.run(HostConfig.java:1860)
	at java.util.concurrent.Executors$RunnableAdapter.call(Executors.java:511)
	at java.util.concurrent.FutureTask.run(FutureTask.java:266)
	at java.util.concurrent.ThreadPoolExecutor.runWorker(ThreadPoolExecutor.java:1149)
	at java.util.concurrent.ThreadPoolExecutor$Worker.run(ThreadPoolExecutor.java:624)
	at java.lang.Thread.run(Thread.java:748)

29-Sep-2017 12:56:06.134 INFO [localhost-startStop-5] org.apache.catalina.core.ApplicationContext.log SessionListener: contextDestroyed()
29-Sep-2017 12:56:06.134 INFO [localhost-startStop-5] org.apache.catalina.core.ApplicationContext.log ContextListener: contextDestroyed()
29-Sep-2017 12:56:17.052 SEVERE [localhost-startStop-1] org.apache.catalina.core.ApplicationContext.log StandardWrapper.Throwable
 com.sun.jersey.api.container.ContainerException: The ResourceConfig instance does not contain any root resource classes.
	at com.sun.jersey.server.impl.application.RootResourceUriRules.<init>(RootResourceUriRules.java:99)
	at com.sun.jersey.server.impl.application.WebApplicationImpl._initiate(WebApplicationImpl.java:1331)
	at com.sun.jersey.server.impl.application.WebApplicationImpl.access$700(WebApplicationImpl.java:168)
	at com.sun.jersey.server.impl.application.WebApplicationImpl$13.f(WebApplicationImpl.java:774)
	at com.sun.jersey.server.impl.application.WebApplicationImpl$13.f(WebApplicationImpl.java:770)
	at com.sun.jersey.spi.inject.Errors.processWithErrors(Errors.java:193)
	at com.sun.jersey.server.impl.application.WebApplicationImpl.initiate(WebApplicationImpl.java:770)
	at com.sun.jersey.server.impl.application.WebApplicationImpl.initiate(WebApplicationImpl.java:765)
	at com.sun.jersey.spi.container.servlet.ServletContainer.initiate(ServletContainer.java:489)
	at com.sun.jersey.spi.container.servlet.ServletContainer$InternalWebComponent.initiate(ServletContainer.java:319)
	at com.sun.jersey.spi.container.servlet.WebComponent.load(WebComponent.java:605)
	at com.sun.jersey.spi.container.servlet.WebComponent.init(WebComponent.java:210)
	at com.sun.jersey.spi.container.servlet.ServletContainer.init(ServletContainer.java:374)
	at com.sun.jersey.spi.container.servlet.ServletContainer.init(ServletContainer.java:557)
	at javax.servlet.GenericServlet.init(GenericServlet.java:158)
	at org.apache.catalina.core.StandardWrapper.initServlet(StandardWrapper.java:1183)
	at org.apache.catalina.core.StandardWrapper.loadServlet(StandardWrapper.java:1099)
	at org.apache.catalina.core.StandardWrapper.load(StandardWrapper.java:989)
	at org.apache.catalina.core.StandardContext.loadOnStartup(StandardContext.java:4931)
	at org.apache.catalina.core.StandardContext.startInternal(StandardContext.java:5241)
	at org.apache.catalina.util.LifecycleBase.start(LifecycleBase.java:150)
	at org.apache.catalina.core.ContainerBase.addChildInternal(ContainerBase.java:752)
	at org.apache.catalina.core.ContainerBase.addChild(ContainerBase.java:728)
	at org.apache.catalina.core.StandardHost.addChild(StandardHost.java:734)
	at org.apache.catalina.startup.HostConfig.deployWAR(HostConfig.java:988)
	at org.apache.catalina.startup.HostConfig$DeployWar.run(HostConfig.java:1860)
	at java.util.concurrent.Executors$RunnableAdapter.call(Executors.java:511)
	at java.util.concurrent.FutureTask.run(FutureTask.java:266)
	at java.util.concurrent.ThreadPoolExecutor.runWorker(ThreadPoolExecutor.java:1149)
	at java.util.concurrent.ThreadPoolExecutor$Worker.run(ThreadPoolExecutor.java:624)
	at java.lang.Thread.run(Thread.java:748)

29-Sep-2017 12:56:17.052 SEVERE [localhost-startStop-1] org.apache.catalina.core.StandardContext.loadOnStartup Servlet [jersey-serlvet] in web application [/Narwhal] threw load() exception
 com.sun.jersey.api.container.ContainerException: The ResourceConfig instance does not contain any root resource classes.
	at com.sun.jersey.server.impl.application.RootResourceUriRules.<init>(RootResourceUriRules.java:99)
	at com.sun.jersey.server.impl.application.WebApplicationImpl._initiate(WebApplicationImpl.java:1331)
	at com.sun.jersey.server.impl.application.WebApplicationImpl.access$700(WebApplicationImpl.java:168)
	at com.sun.jersey.server.impl.application.WebApplicationImpl$13.f(WebApplicationImpl.java:774)
	at com.sun.jersey.server.impl.application.WebApplicationImpl$13.f(WebApplicationImpl.java:770)
	at com.sun.jersey.spi.inject.Errors.processWithErrors(Errors.java:193)
	at com.sun.jersey.server.impl.application.WebApplicationImpl.initiate(WebApplicationImpl.java:770)
	at com.sun.jersey.server.impl.application.WebApplicationImpl.initiate(WebApplicationImpl.java:765)
	at com.sun.jersey.spi.container.servlet.ServletContainer.initiate(ServletContainer.java:489)
	at com.sun.jersey.spi.container.servlet.ServletContainer$InternalWebComponent.initiate(ServletContainer.java:319)
	at com.sun.jersey.spi.container.servlet.WebComponent.load(WebComponent.java:605)
	at com.sun.jersey.spi.container.servlet.WebComponent.init(WebComponent.java:210)
	at com.sun.jersey.spi.container.servlet.ServletContainer.init(ServletContainer.java:374)
	at com.sun.jersey.spi.container.servlet.ServletContainer.init(ServletContainer.java:557)
	at javax.servlet.GenericServlet.init(GenericServlet.java:158)
	at org.apache.catalina.core.StandardWrapper.initServlet(StandardWrapper.java:1183)
	at org.apache.catalina.core.StandardWrapper.loadServlet(StandardWrapper.java:1099)
	at org.apache.catalina.core.StandardWrapper.load(StandardWrapper.java:989)
	at org.apache.catalina.core.StandardContext.loadOnStartup(StandardContext.java:4931)
	at org.apache.catalina.core.StandardContext.startInternal(StandardContext.java:5241)
	at org.apache.catalina.util.LifecycleBase.start(LifecycleBase.java:150)
	at org.apache.catalina.core.ContainerBase.addChildInternal(ContainerBase.java:752)
	at org.apache.catalina.core.ContainerBase.addChild(ContainerBase.java:728)
	at org.apache.catalina.core.StandardHost.addChild(StandardHost.java:734)
	at org.apache.catalina.startup.HostConfig.deployWAR(HostConfig.java:988)
	at org.apache.catalina.startup.HostConfig$DeployWar.run(HostConfig.java:1860)
	at java.util.concurrent.Executors$RunnableAdapter.call(Executors.java:511)
	at java.util.concurrent.FutureTask.run(FutureTask.java:266)
	at java.util.concurrent.ThreadPoolExecutor.runWorker(ThreadPoolExecutor.java:1149)
	at java.util.concurrent.ThreadPoolExecutor$Worker.run(ThreadPoolExecutor.java:624)
	at java.lang.Thread.run(Thread.java:748)

29-Sep-2017 12:56:17.297 INFO [localhost-startStop-1] org.apache.catalina.core.ApplicationContext.log ContextListener: contextInitialized()
29-Sep-2017 12:56:17.297 INFO [localhost-startStop-1] org.apache.catalina.core.ApplicationContext.log SessionListener: contextInitialized()
29-Sep-2017 12:58:18.328 SEVERE [localhost-startStop-1] org.apache.catalina.core.ApplicationContext.log StandardWrapper.Throwable
 com.sun.jersey.api.container.ContainerException: The ResourceConfig instance does not contain any root resource classes.
	at com.sun.jersey.server.impl.application.RootResourceUriRules.<init>(RootResourceUriRules.java:99)
	at com.sun.jersey.server.impl.application.WebApplicationImpl._initiate(WebApplicationImpl.java:1331)
	at com.sun.jersey.server.impl.application.WebApplicationImpl.access$700(WebApplicationImpl.java:168)
	at com.sun.jersey.server.impl.application.WebApplicationImpl$13.f(WebApplicationImpl.java:774)
	at com.sun.jersey.server.impl.application.WebApplicationImpl$13.f(WebApplicationImpl.java:770)
	at com.sun.jersey.spi.inject.Errors.processWithErrors(Errors.java:193)
	at com.sun.jersey.server.impl.application.WebApplicationImpl.initiate(WebApplicationImpl.java:770)
	at com.sun.jersey.server.impl.application.WebApplicationImpl.initiate(WebApplicationImpl.java:765)
	at com.sun.jersey.spi.container.servlet.ServletContainer.initiate(ServletContainer.java:489)
	at com.sun.jersey.spi.container.servlet.ServletContainer$InternalWebComponent.initiate(ServletContainer.java:319)
	at com.sun.jersey.spi.container.servlet.WebComponent.load(WebComponent.java:605)
	at com.sun.jersey.spi.container.servlet.WebComponent.init(WebComponent.java:210)
	at com.sun.jersey.spi.container.servlet.ServletContainer.init(ServletContainer.java:374)
	at com.sun.jersey.spi.container.servlet.ServletContainer.init(ServletContainer.java:557)
	at javax.servlet.GenericServlet.init(GenericServlet.java:158)
	at org.apache.catalina.core.StandardWrapper.initServlet(StandardWrapper.java:1183)
	at org.apache.catalina.core.StandardWrapper.loadServlet(StandardWrapper.java:1099)
	at org.apache.catalina.core.StandardWrapper.load(StandardWrapper.java:989)
	at org.apache.catalina.core.StandardContext.loadOnStartup(StandardContext.java:4931)
	at org.apache.catalina.core.StandardContext.startInternal(StandardContext.java:5241)
	at org.apache.catalina.util.LifecycleBase.start(LifecycleBase.java:150)
	at org.apache.catalina.core.ContainerBase.addChildInternal(ContainerBase.java:752)
	at org.apache.catalina.core.ContainerBase.addChild(ContainerBase.java:728)
	at org.apache.catalina.core.StandardHost.addChild(StandardHost.java:734)
	at org.apache.catalina.startup.HostConfig.deployWAR(HostConfig.java:988)
	at org.apache.catalina.startup.HostConfig$DeployWar.run(HostConfig.java:1860)
	at java.util.concurrent.Executors$RunnableAdapter.call(Executors.java:511)
	at java.util.concurrent.FutureTask.run(FutureTask.java:266)
	at java.util.concurrent.ThreadPoolExecutor.runWorker(ThreadPoolExecutor.java:1149)
	at java.util.concurrent.ThreadPoolExecutor$Worker.run(ThreadPoolExecutor.java:624)
	at java.lang.Thread.run(Thread.java:748)

29-Sep-2017 12:58:18.329 SEVERE [localhost-startStop-1] org.apache.catalina.core.StandardContext.loadOnStartup Servlet [jersey-serlvet] in web application [/Narwhal] threw load() exception
 com.sun.jersey.api.container.ContainerException: The ResourceConfig instance does not contain any root resource classes.
	at com.sun.jersey.server.impl.application.RootResourceUriRules.<init>(RootResourceUriRules.java:99)
	at com.sun.jersey.server.impl.application.WebApplicationImpl._initiate(WebApplicationImpl.java:1331)
	at com.sun.jersey.server.impl.application.WebApplicationImpl.access$700(WebApplicationImpl.java:168)
	at com.sun.jersey.server.impl.application.WebApplicationImpl$13.f(WebApplicationImpl.java:774)
	at com.sun.jersey.server.impl.application.WebApplicationImpl$13.f(WebApplicationImpl.java:770)
	at com.sun.jersey.spi.inject.Errors.processWithErrors(Errors.java:193)
	at com.sun.jersey.server.impl.application.WebApplicationImpl.initiate(WebApplicationImpl.java:770)
	at com.sun.jersey.server.impl.application.WebApplicationImpl.initiate(WebApplicationImpl.java:765)
	at com.sun.jersey.spi.container.servlet.ServletContainer.initiate(ServletContainer.java:489)
	at com.sun.jersey.spi.container.servlet.ServletContainer$InternalWebComponent.initiate(ServletContainer.java:319)
	at com.sun.jersey.spi.container.servlet.WebComponent.load(WebComponent.java:605)
	at com.sun.jersey.spi.container.servlet.WebComponent.init(WebComponent.java:210)
	at com.sun.jersey.spi.container.servlet.ServletContainer.init(ServletContainer.java:374)
	at com.sun.jersey.spi.container.servlet.ServletContainer.init(ServletContainer.java:557)
	at javax.servlet.GenericServlet.init(GenericServlet.java:158)
	at org.apache.catalina.core.StandardWrapper.initServlet(StandardWrapper.java:1183)
	at org.apache.catalina.core.StandardWrapper.loadServlet(StandardWrapper.java:1099)
	at org.apache.catalina.core.StandardWrapper.load(StandardWrapper.java:989)
	at org.apache.catalina.core.StandardContext.loadOnStartup(StandardContext.java:4931)
	at org.apache.catalina.core.StandardContext.startInternal(StandardContext.java:5241)
	at org.apache.catalina.util.LifecycleBase.start(LifecycleBase.java:150)
	at org.apache.catalina.core.ContainerBase.addChildInternal(ContainerBase.java:752)
	at org.apache.catalina.core.ContainerBase.addChild(ContainerBase.java:728)
	at org.apache.catalina.core.StandardHost.addChild(StandardHost.java:734)
	at org.apache.catalina.startup.HostConfig.deployWAR(HostConfig.java:988)
	at org.apache.catalina.startup.HostConfig$DeployWar.run(HostConfig.java:1860)
	at java.util.concurrent.Executors$RunnableAdapter.call(Executors.java:511)
	at java.util.concurrent.FutureTask.run(FutureTask.java:266)
	at java.util.concurrent.ThreadPoolExecutor.runWorker(ThreadPoolExecutor.java:1149)
	at java.util.concurrent.ThreadPoolExecutor$Worker.run(ThreadPoolExecutor.java:624)
	at java.lang.Thread.run(Thread.java:748)

29-Sep-2017 12:58:18.542 INFO [localhost-startStop-1] org.apache.catalina.core.ApplicationContext.log ContextListener: contextInitialized()
29-Sep-2017 12:58:18.542 INFO [localhost-startStop-1] org.apache.catalina.core.ApplicationContext.log SessionListener: contextInitialized()
29-Sep-2017 12:58:18.631 INFO [localhost-startStop-1] org.apache.catalina.core.ApplicationContext.log SessionListener: contextDestroyed()
29-Sep-2017 12:58:18.631 INFO [localhost-startStop-1] org.apache.catalina.core.ApplicationContext.log ContextListener: contextDestroyed()
29-Sep-2017 12:58:27.992 INFO [localhost-startStop-2] org.apache.catalina.core.ApplicationContext.log SessionListener: contextDestroyed()
29-Sep-2017 12:58:27.992 INFO [localhost-startStop-2] org.apache.catalina.core.ApplicationContext.log ContextListener: contextDestroyed()
29-Sep-2017 12:59:02.950 SEVERE [localhost-startStop-1] org.apache.catalina.core.ApplicationContext.log StandardWrapper.Throwable
 com.sun.jersey.api.container.ContainerException: The ResourceConfig instance does not contain any root resource classes.
	at com.sun.jersey.server.impl.application.RootResourceUriRules.<init>(RootResourceUriRules.java:99)
	at com.sun.jersey.server.impl.application.WebApplicationImpl._initiate(WebApplicationImpl.java:1331)
	at com.sun.jersey.server.impl.application.WebApplicationImpl.access$700(WebApplicationImpl.java:168)
	at com.sun.jersey.server.impl.application.WebApplicationImpl$13.f(WebApplicationImpl.java:774)
	at com.sun.jersey.server.impl.application.WebApplicationImpl$13.f(WebApplicationImpl.java:770)
	at com.sun.jersey.spi.inject.Errors.processWithErrors(Errors.java:193)
	at com.sun.jersey.server.impl.application.WebApplicationImpl.initiate(WebApplicationImpl.java:770)
	at com.sun.jersey.server.impl.application.WebApplicationImpl.initiate(WebApplicationImpl.java:765)
	at com.sun.jersey.spi.container.servlet.ServletContainer.initiate(ServletContainer.java:489)
	at com.sun.jersey.spi.container.servlet.ServletContainer$InternalWebComponent.initiate(ServletContainer.java:319)
	at com.sun.jersey.spi.container.servlet.WebComponent.load(WebComponent.java:605)
	at com.sun.jersey.spi.container.servlet.WebComponent.init(WebComponent.java:210)
	at com.sun.jersey.spi.container.servlet.ServletContainer.init(ServletContainer.java:374)
	at com.sun.jersey.spi.container.servlet.ServletContainer.init(ServletContainer.java:557)
	at javax.servlet.GenericServlet.init(GenericServlet.java:158)
	at org.apache.catalina.core.StandardWrapper.initServlet(StandardWrapper.java:1183)
	at org.apache.catalina.core.StandardWrapper.loadServlet(StandardWrapper.java:1099)
	at org.apache.catalina.core.StandardWrapper.load(StandardWrapper.java:989)
	at org.apache.catalina.core.StandardContext.loadOnStartup(StandardContext.java:4931)
	at org.apache.catalina.core.StandardContext.startInternal(StandardContext.java:5241)
	at org.apache.catalina.util.LifecycleBase.start(LifecycleBase.java:150)
	at org.apache.catalina.core.ContainerBase.addChildInternal(ContainerBase.java:752)
	at org.apache.catalina.core.ContainerBase.addChild(ContainerBase.java:728)
	at org.apache.catalina.core.StandardHost.addChild(StandardHost.java:734)
	at org.apache.catalina.startup.HostConfig.deployWAR(HostConfig.java:988)
	at org.apache.catalina.startup.HostConfig$DeployWar.run(HostConfig.java:1860)
	at java.util.concurrent.Executors$RunnableAdapter.call(Executors.java:511)
	at java.util.concurrent.FutureTask.run(FutureTask.java:266)
	at java.util.concurrent.ThreadPoolExecutor.runWorker(ThreadPoolExecutor.java:1149)
	at java.util.concurrent.ThreadPoolExecutor$Worker.run(ThreadPoolExecutor.java:624)
	at java.lang.Thread.run(Thread.java:748)

29-Sep-2017 12:59:02.951 SEVERE [localhost-startStop-1] org.apache.catalina.core.StandardContext.loadOnStartup Servlet [jersey-serlvet] in web application [/Narwhal] threw load() exception
 com.sun.jersey.api.container.ContainerException: The ResourceConfig instance does not contain any root resource classes.
	at com.sun.jersey.server.impl.application.RootResourceUriRules.<init>(RootResourceUriRules.java:99)
	at com.sun.jersey.server.impl.application.WebApplicationImpl._initiate(WebApplicationImpl.java:1331)
	at com.sun.jersey.server.impl.application.WebApplicationImpl.access$700(WebApplicationImpl.java:168)
	at com.sun.jersey.server.impl.application.WebApplicationImpl$13.f(WebApplicationImpl.java:774)
	at com.sun.jersey.server.impl.application.WebApplicationImpl$13.f(WebApplicationImpl.java:770)
	at com.sun.jersey.spi.inject.Errors.processWithErrors(Errors.java:193)
	at com.sun.jersey.server.impl.application.WebApplicationImpl.initiate(WebApplicationImpl.java:770)
	at com.sun.jersey.server.impl.application.WebApplicationImpl.initiate(WebApplicationImpl.java:765)
	at com.sun.jersey.spi.container.servlet.ServletContainer.initiate(ServletContainer.java:489)
	at com.sun.jersey.spi.container.servlet.ServletContainer$InternalWebComponent.initiate(ServletContainer.java:319)
	at com.sun.jersey.spi.container.servlet.WebComponent.load(WebComponent.java:605)
	at com.sun.jersey.spi.container.servlet.WebComponent.init(WebComponent.java:210)
	at com.sun.jersey.spi.container.servlet.ServletContainer.init(ServletContainer.java:374)
	at com.sun.jersey.spi.container.servlet.ServletContainer.init(ServletContainer.java:557)
	at javax.servlet.GenericServlet.init(GenericServlet.java:158)
	at org.apache.catalina.core.StandardWrapper.initServlet(StandardWrapper.java:1183)
	at org.apache.catalina.core.StandardWrapper.loadServlet(StandardWrapper.java:1099)
	at org.apache.catalina.core.StandardWrapper.load(StandardWrapper.java:989)
	at org.apache.catalina.core.StandardContext.loadOnStartup(StandardContext.java:4931)
	at org.apache.catalina.core.StandardContext.startInternal(StandardContext.java:5241)
	at org.apache.catalina.util.LifecycleBase.start(LifecycleBase.java:150)
	at org.apache.catalina.core.ContainerBase.addChildInternal(ContainerBase.java:752)
	at org.apache.catalina.core.ContainerBase.addChild(ContainerBase.java:728)
	at org.apache.catalina.core.StandardHost.addChild(StandardHost.java:734)
	at org.apache.catalina.startup.HostConfig.deployWAR(HostConfig.java:988)
	at org.apache.catalina.startup.HostConfig$DeployWar.run(HostConfig.java:1860)
	at java.util.concurrent.Executors$RunnableAdapter.call(Executors.java:511)
	at java.util.concurrent.FutureTask.run(FutureTask.java:266)
	at java.util.concurrent.ThreadPoolExecutor.runWorker(ThreadPoolExecutor.java:1149)
	at java.util.concurrent.ThreadPoolExecutor$Worker.run(ThreadPoolExecutor.java:624)
	at java.lang.Thread.run(Thread.java:748)

29-Sep-2017 12:59:03.152 INFO [localhost-startStop-1] org.apache.catalina.core.ApplicationContext.log ContextListener: contextInitialized()
29-Sep-2017 12:59:03.152 INFO [localhost-startStop-1] org.apache.catalina.core.ApplicationContext.log SessionListener: contextInitialized()
29-Sep-2017 13:04:13.246 INFO [localhost-startStop-2] org.apache.catalina.core.ApplicationContext.log SessionListener: contextDestroyed()
29-Sep-2017 13:04:13.246 INFO [localhost-startStop-2] org.apache.catalina.core.ApplicationContext.log ContextListener: contextDestroyed()
29-Sep-2017 13:04:31.626 SEVERE [localhost-startStop-1] org.apache.catalina.core.ApplicationContext.log StandardWrapper.Throwable
 com.sun.jersey.api.container.ContainerException: The ResourceConfig instance does not contain any root resource classes.
	at com.sun.jersey.server.impl.application.RootResourceUriRules.<init>(RootResourceUriRules.java:99)
	at com.sun.jersey.server.impl.application.WebApplicationImpl._initiate(WebApplicationImpl.java:1331)
	at com.sun.jersey.server.impl.application.WebApplicationImpl.access$700(WebApplicationImpl.java:168)
	at com.sun.jersey.server.impl.application.WebApplicationImpl$13.f(WebApplicationImpl.java:774)
	at com.sun.jersey.server.impl.application.WebApplicationImpl$13.f(WebApplicationImpl.java:770)
	at com.sun.jersey.spi.inject.Errors.processWithErrors(Errors.java:193)
	at com.sun.jersey.server.impl.application.WebApplicationImpl.initiate(WebApplicationImpl.java:770)
	at com.sun.jersey.server.impl.application.WebApplicationImpl.initiate(WebApplicationImpl.java:765)
	at com.sun.jersey.spi.container.servlet.ServletContainer.initiate(ServletContainer.java:489)
	at com.sun.jersey.spi.container.servlet.ServletContainer$InternalWebComponent.initiate(ServletContainer.java:319)
	at com.sun.jersey.spi.container.servlet.WebComponent.load(WebComponent.java:605)
	at com.sun.jersey.spi.container.servlet.WebComponent.init(WebComponent.java:210)
	at com.sun.jersey.spi.container.servlet.ServletContainer.init(ServletContainer.java:374)
	at com.sun.jersey.spi.container.servlet.ServletContainer.init(ServletContainer.java:557)
	at javax.servlet.GenericServlet.init(GenericServlet.java:158)
	at org.apache.catalina.core.StandardWrapper.initServlet(StandardWrapper.java:1183)
	at org.apache.catalina.core.StandardWrapper.loadServlet(StandardWrapper.java:1099)
	at org.apache.catalina.core.StandardWrapper.load(StandardWrapper.java:989)
	at org.apache.catalina.core.StandardContext.loadOnStartup(StandardContext.java:4931)
	at org.apache.catalina.core.StandardContext.startInternal(StandardContext.java:5241)
	at org.apache.catalina.util.LifecycleBase.start(LifecycleBase.java:150)
	at org.apache.catalina.core.ContainerBase.addChildInternal(ContainerBase.java:752)
	at org.apache.catalina.core.ContainerBase.addChild(ContainerBase.java:728)
	at org.apache.catalina.core.StandardHost.addChild(StandardHost.java:734)
	at org.apache.catalina.startup.HostConfig.deployWAR(HostConfig.java:988)
	at org.apache.catalina.startup.HostConfig$DeployWar.run(HostConfig.java:1860)
	at java.util.concurrent.Executors$RunnableAdapter.call(Executors.java:511)
	at java.util.concurrent.FutureTask.run(FutureTask.java:266)
	at java.util.concurrent.ThreadPoolExecutor.runWorker(ThreadPoolExecutor.java:1149)
	at java.util.concurrent.ThreadPoolExecutor$Worker.run(ThreadPoolExecutor.java:624)
	at java.lang.Thread.run(Thread.java:748)

29-Sep-2017 13:04:31.627 SEVERE [localhost-startStop-1] org.apache.catalina.core.StandardContext.loadOnStartup Servlet [jersey-serlvet] in web application [/Narwhal] threw load() exception
 com.sun.jersey.api.container.ContainerException: The ResourceConfig instance does not contain any root resource classes.
	at com.sun.jersey.server.impl.application.RootResourceUriRules.<init>(RootResourceUriRules.java:99)
	at com.sun.jersey.server.impl.application.WebApplicationImpl._initiate(WebApplicationImpl.java:1331)
	at com.sun.jersey.server.impl.application.WebApplicationImpl.access$700(WebApplicationImpl.java:168)
	at com.sun.jersey.server.impl.application.WebApplicationImpl$13.f(WebApplicationImpl.java:774)
	at com.sun.jersey.server.impl.application.WebApplicationImpl$13.f(WebApplicationImpl.java:770)
	at com.sun.jersey.spi.inject.Errors.processWithErrors(Errors.java:193)
	at com.sun.jersey.server.impl.application.WebApplicationImpl.initiate(WebApplicationImpl.java:770)
	at com.sun.jersey.server.impl.application.WebApplicationImpl.initiate(WebApplicationImpl.java:765)
	at com.sun.jersey.spi.container.servlet.ServletContainer.initiate(ServletContainer.java:489)
	at com.sun.jersey.spi.container.servlet.ServletContainer$InternalWebComponent.initiate(ServletContainer.java:319)
	at com.sun.jersey.spi.container.servlet.WebComponent.load(WebComponent.java:605)
	at com.sun.jersey.spi.container.servlet.WebComponent.init(WebComponent.java:210)
	at com.sun.jersey.spi.container.servlet.ServletContainer.init(ServletContainer.java:374)
	at com.sun.jersey.spi.container.servlet.ServletContainer.init(ServletContainer.java:557)
	at javax.servlet.GenericServlet.init(GenericServlet.java:158)
	at org.apache.catalina.core.StandardWrapper.initServlet(StandardWrapper.java:1183)
	at org.apache.catalina.core.StandardWrapper.loadServlet(StandardWrapper.java:1099)
	at org.apache.catalina.core.StandardWrapper.load(StandardWrapper.java:989)
	at org.apache.catalina.core.StandardContext.loadOnStartup(StandardContext.java:4931)
	at org.apache.catalina.core.StandardContext.startInternal(StandardContext.java:5241)
	at org.apache.catalina.util.LifecycleBase.start(LifecycleBase.java:150)
	at org.apache.catalina.core.ContainerBase.addChildInternal(ContainerBase.java:752)
	at org.apache.catalina.core.ContainerBase.addChild(ContainerBase.java:728)
	at org.apache.catalina.core.StandardHost.addChild(StandardHost.java:734)
	at org.apache.catalina.startup.HostConfig.deployWAR(HostConfig.java:988)
	at org.apache.catalina.startup.HostConfig$DeployWar.run(HostConfig.java:1860)
	at java.util.concurrent.Executors$RunnableAdapter.call(Executors.java:511)
	at java.util.concurrent.FutureTask.run(FutureTask.java:266)
	at java.util.concurrent.ThreadPoolExecutor.runWorker(ThreadPoolExecutor.java:1149)
	at java.util.concurrent.ThreadPoolExecutor$Worker.run(ThreadPoolExecutor.java:624)
	at java.lang.Thread.run(Thread.java:748)

29-Sep-2017 13:04:31.852 INFO [localhost-startStop-1] org.apache.catalina.core.ApplicationContext.log ContextListener: contextInitialized()
29-Sep-2017 13:04:31.852 INFO [localhost-startStop-1] org.apache.catalina.core.ApplicationContext.log SessionListener: contextInitialized()
29-Sep-2017 13:05:53.998 INFO [localhost-startStop-2] org.apache.catalina.core.ApplicationContext.log SessionListener: contextDestroyed()
29-Sep-2017 13:05:53.998 INFO [localhost-startStop-2] org.apache.catalina.core.ApplicationContext.log ContextListener: contextDestroyed()
29-Sep-2017 13:06:16.900 SEVERE [localhost-startStop-1] org.apache.catalina.core.ApplicationContext.log StandardWrapper.Throwable
 com.sun.jersey.api.container.ContainerException: The ResourceConfig instance does not contain any root resource classes.
	at com.sun.jersey.server.impl.application.RootResourceUriRules.<init>(RootResourceUriRules.java:99)
	at com.sun.jersey.server.impl.application.WebApplicationImpl._initiate(WebApplicationImpl.java:1331)
	at com.sun.jersey.server.impl.application.WebApplicationImpl.access$700(WebApplicationImpl.java:168)
	at com.sun.jersey.server.impl.application.WebApplicationImpl$13.f(WebApplicationImpl.java:774)
	at com.sun.jersey.server.impl.application.WebApplicationImpl$13.f(WebApplicationImpl.java:770)
	at com.sun.jersey.spi.inject.Errors.processWithErrors(Errors.java:193)
	at com.sun.jersey.server.impl.application.WebApplicationImpl.initiate(WebApplicationImpl.java:770)
	at com.sun.jersey.server.impl.application.WebApplicationImpl.initiate(WebApplicationImpl.java:765)
	at com.sun.jersey.spi.container.servlet.ServletContainer.initiate(ServletContainer.java:489)
	at com.sun.jersey.spi.container.servlet.ServletContainer$InternalWebComponent.initiate(ServletContainer.java:319)
	at com.sun.jersey.spi.container.servlet.WebComponent.load(WebComponent.java:605)
	at com.sun.jersey.spi.container.servlet.WebComponent.init(WebComponent.java:210)
	at com.sun.jersey.spi.container.servlet.ServletContainer.init(ServletContainer.java:374)
	at com.sun.jersey.spi.container.servlet.ServletContainer.init(ServletContainer.java:557)
	at javax.servlet.GenericServlet.init(GenericServlet.java:158)
	at org.apache.catalina.core.StandardWrapper.initServlet(StandardWrapper.java:1183)
	at org.apache.catalina.core.StandardWrapper.loadServlet(StandardWrapper.java:1099)
	at org.apache.catalina.core.StandardWrapper.load(StandardWrapper.java:989)
	at org.apache.catalina.core.StandardContext.loadOnStartup(StandardContext.java:4931)
	at org.apache.catalina.core.StandardContext.startInternal(StandardContext.java:5241)
	at org.apache.catalina.util.LifecycleBase.start(LifecycleBase.java:150)
	at org.apache.catalina.core.ContainerBase.addChildInternal(ContainerBase.java:752)
	at org.apache.catalina.core.ContainerBase.addChild(ContainerBase.java:728)
	at org.apache.catalina.core.StandardHost.addChild(StandardHost.java:734)
	at org.apache.catalina.startup.HostConfig.deployWAR(HostConfig.java:988)
	at org.apache.catalina.startup.HostConfig$DeployWar.run(HostConfig.java:1860)
	at java.util.concurrent.Executors$RunnableAdapter.call(Executors.java:511)
	at java.util.concurrent.FutureTask.run(FutureTask.java:266)
	at java.util.concurrent.ThreadPoolExecutor.runWorker(ThreadPoolExecutor.java:1149)
	at java.util.concurrent.ThreadPoolExecutor$Worker.run(ThreadPoolExecutor.java:624)
	at java.lang.Thread.run(Thread.java:748)

29-Sep-2017 13:06:16.900 SEVERE [localhost-startStop-1] org.apache.catalina.core.StandardContext.loadOnStartup Servlet [jersey-serlvet] in web application [/Narwhal] threw load() exception
 com.sun.jersey.api.container.ContainerException: The ResourceConfig instance does not contain any root resource classes.
	at com.sun.jersey.server.impl.application.RootResourceUriRules.<init>(RootResourceUriRules.java:99)
	at com.sun.jersey.server.impl.application.WebApplicationImpl._initiate(WebApplicationImpl.java:1331)
	at com.sun.jersey.server.impl.application.WebApplicationImpl.access$700(WebApplicationImpl.java:168)
	at com.sun.jersey.server.impl.application.WebApplicationImpl$13.f(WebApplicationImpl.java:774)
	at com.sun.jersey.server.impl.application.WebApplicationImpl$13.f(WebApplicationImpl.java:770)
	at com.sun.jersey.spi.inject.Errors.processWithErrors(Errors.java:193)
	at com.sun.jersey.server.impl.application.WebApplicationImpl.initiate(WebApplicationImpl.java:770)
	at com.sun.jersey.server.impl.application.WebApplicationImpl.initiate(WebApplicationImpl.java:765)
	at com.sun.jersey.spi.container.servlet.ServletContainer.initiate(ServletContainer.java:489)
	at com.sun.jersey.spi.container.servlet.ServletContainer$InternalWebComponent.initiate(ServletContainer.java:319)
	at com.sun.jersey.spi.container.servlet.WebComponent.load(WebComponent.java:605)
	at com.sun.jersey.spi.container.servlet.WebComponent.init(WebComponent.java:210)
	at com.sun.jersey.spi.container.servlet.ServletContainer.init(ServletContainer.java:374)
	at com.sun.jersey.spi.container.servlet.ServletContainer.init(ServletContainer.java:557)
	at javax.servlet.GenericServlet.init(GenericServlet.java:158)
	at org.apache.catalina.core.StandardWrapper.initServlet(StandardWrapper.java:1183)
	at org.apache.catalina.core.StandardWrapper.loadServlet(StandardWrapper.java:1099)
	at org.apache.catalina.core.StandardWrapper.load(StandardWrapper.java:989)
	at org.apache.catalina.core.StandardContext.loadOnStartup(StandardContext.java:4931)
	at org.apache.catalina.core.StandardContext.startInternal(StandardContext.java:5241)
	at org.apache.catalina.util.LifecycleBase.start(LifecycleBase.java:150)
	at org.apache.catalina.core.ContainerBase.addChildInternal(ContainerBase.java:752)
	at org.apache.catalina.core.ContainerBase.addChild(ContainerBase.java:728)
	at org.apache.catalina.core.StandardHost.addChild(StandardHost.java:734)
	at org.apache.catalina.startup.HostConfig.deployWAR(HostConfig.java:988)
	at org.apache.catalina.startup.HostConfig$DeployWar.run(HostConfig.java:1860)
	at java.util.concurrent.Executors$RunnableAdapter.call(Executors.java:511)
	at java.util.concurrent.FutureTask.run(FutureTask.java:266)
	at java.util.concurrent.ThreadPoolExecutor.runWorker(ThreadPoolExecutor.java:1149)
	at java.util.concurrent.ThreadPoolExecutor$Worker.run(ThreadPoolExecutor.java:624)
	at java.lang.Thread.run(Thread.java:748)

29-Sep-2017 13:06:17.185 INFO [localhost-startStop-1] org.apache.catalina.core.ApplicationContext.log ContextListener: contextInitialized()
29-Sep-2017 13:06:17.185 INFO [localhost-startStop-1] org.apache.catalina.core.ApplicationContext.log SessionListener: contextInitialized()
