29-Sep-2017 20:38:40.260 INFO [http-nio-9999-exec-8] org.apache.catalina.core.ApplicationContext.log HTMLManager: init: Associated with Deployer 'Catalina:type=Deployer,host=localhost'
29-Sep-2017 20:38:40.261 INFO [http-nio-9999-exec-8] org.apache.catalina.core.ApplicationContext.log HTMLManager: init: Global resources are available
29-Sep-2017 20:38:40.273 INFO [http-nio-9999-exec-8] org.apache.catalina.core.ApplicationContext.log HTMLManager: list: Listing contexts for virtual host 'localhost'
29-Sep-2017 20:39:24.616 INFO [http-nio-9999-exec-9] org.apache.catalina.core.ApplicationContext.log HTMLManager: list: Listing contexts for virtual host 'localhost'
29-Sep-2017 20:40:12.133 INFO [http-nio-9999-exec-1] org.apache.catalina.core.ApplicationContext.log HTMLManager: init: Associated with Deployer 'Catalina:type=Deployer,host=localhost'
29-Sep-2017 20:40:12.133 INFO [http-nio-9999-exec-1] org.apache.catalina.core.ApplicationContext.log HTMLManager: init: Global resources are available
29-Sep-2017 20:40:24.811 INFO [http-nio-9999-exec-5] org.apache.catalina.core.ApplicationContext.log HTMLManager: list: Listing contexts for virtual host 'localhost'
29-Sep-2017 20:40:36.582 INFO [http-nio-9999-exec-8] org.apache.catalina.core.ApplicationContext.log HTMLManager: list: Listing contexts for virtual host 'localhost'
29-Sep-2017 20:56:24.999 INFO [http-nio-9999-exec-1] org.apache.catalina.core.ApplicationContext.log HTMLManager: list: Listing contexts for virtual host 'localhost'
29-Sep-2017 20:56:27.892 INFO [http-nio-9999-exec-8] org.apache.catalina.core.ApplicationContext.log HTMLManager: restart: Reloading web application '/Narwhal'
29-Sep-2017 20:56:28.928 INFO [http-nio-9999-exec-8] org.apache.catalina.core.ApplicationContext.log HTMLManager: list: Listing contexts for virtual host 'localhost'
29-Sep-2017 20:57:26.415 INFO [http-nio-9999-exec-16] org.apache.catalina.core.ApplicationContext.log HTMLManager: list: Listing contexts for virtual host 'localhost'
29-Sep-2017 20:57:28.953 INFO [http-nio-9999-exec-12] org.apache.catalina.core.ApplicationContext.log HTMLManager: restart: Reloading web application '/Narwhal'
29-Sep-2017 20:57:29.914 INFO [http-nio-9999-exec-12] org.apache.catalina.core.ApplicationContext.log HTMLManager: list: Listing contexts for virtual host 'localhost'
29-Sep-2017 20:58:52.713 INFO [http-nio-9999-exec-20] org.apache.catalina.core.ApplicationContext.log HTMLManager: undeploy: Undeploying web application at '/Narwhal'
29-Sep-2017 20:58:52.753 INFO [http-nio-9999-exec-20] org.apache.catalina.core.ApplicationContext.log HTMLManager: list: Listing contexts for virtual host 'localhost'
29-Sep-2017 20:59:08.607 INFO [http-nio-9999-exec-4] org.apache.catalina.core.ApplicationContext.log HTMLManager: undeploy: Undeploying web application at '/Narwhal'
29-Sep-2017 20:59:08.613 INFO [http-nio-9999-exec-4] org.apache.catalina.core.ApplicationContext.log HTMLManager: list: Listing contexts for virtual host 'localhost'
29-Sep-2017 20:59:14.318 INFO [http-nio-9999-exec-1] org.apache.catalina.core.ApplicationContext.log HTMLManager: undeploy: Undeploying web application at '/Narwhal'
29-Sep-2017 20:59:14.320 INFO [http-nio-9999-exec-1] org.apache.catalina.core.ApplicationContext.log HTMLManager: list: Listing contexts for virtual host 'localhost'
29-Sep-2017 20:59:21.537 INFO [http-nio-9999-exec-13] org.apache.catalina.core.ApplicationContext.log HTMLManager: start: Starting web application '/Narwhal'
29-Sep-2017 20:59:21.668 INFO [http-nio-9999-exec-13] org.apache.catalina.core.ApplicationContext.log HTMLManager: list: Listing contexts for virtual host 'localhost'
29-Sep-2017 21:00:05.961 INFO [http-nio-9999-exec-29] org.apache.catalina.core.ApplicationContext.log HTMLManager: restart: Reloading web application '/Narwhal'
29-Sep-2017 21:00:06.089 INFO [http-nio-9999-exec-29] org.apache.catalina.core.ApplicationContext.log HTMLManager: list: Listing contexts for virtual host 'localhost'
29-Sep-2017 21:00:24.051 INFO [http-nio-9999-exec-32] org.apache.catalina.core.ApplicationContext.log HTMLManager: restart: Reloading web application '/Narwhal'
29-Sep-2017 21:00:24.126 INFO [http-nio-9999-exec-32] org.apache.catalina.core.ApplicationContext.log HTMLManager: list: Listing contexts for virtual host 'localhost'
29-Sep-2017 21:00:37.336 INFO [http-nio-9999-exec-28] org.apache.catalina.core.ApplicationContext.log HTMLManager: restart: Reloading web application '/Narwhal'
29-Sep-2017 21:00:37.437 INFO [http-nio-9999-exec-28] org.apache.catalina.core.ApplicationContext.log HTMLManager: list: Listing contexts for virtual host 'localhost'
29-Sep-2017 21:00:39.504 INFO [http-nio-9999-exec-36] org.apache.catalina.core.ApplicationContext.log HTMLManager: undeploy: Undeploying web application at '/Narwhal'
29-Sep-2017 21:00:40.018 INFO [http-nio-9999-exec-36] org.apache.catalina.core.ApplicationContext.log HTMLManager: list: Listing contexts for virtual host 'localhost'
29-Sep-2017 21:00:53.218 INFO [http-nio-9999-exec-37] org.apache.catalina.core.ApplicationContext.log HTMLManager: list: Listing contexts for virtual host 'localhost'
29-Sep-2017 21:09:52.805 INFO [http-nio-9999-exec-42] org.apache.catalina.core.ApplicationContext.log HTMLManager: list: Listing contexts for virtual host 'localhost'
29-Sep-2017 21:09:55.386 INFO [http-nio-9999-exec-46] org.apache.catalina.core.ApplicationContext.log HTMLManager: undeploy: Undeploying web application at '/Narwhal'
29-Sep-2017 21:09:55.425 INFO [http-nio-9999-exec-46] org.apache.catalina.core.ApplicationContext.log HTMLManager: list: Listing contexts for virtual host 'localhost'
29-Sep-2017 21:10:01.162 INFO [http-nio-9999-exec-45] org.apache.catalina.core.ApplicationContext.log HTMLManager: start: Starting web application '/Narwhal'
29-Sep-2017 21:10:01.162 INFO [http-nio-9999-exec-45] org.apache.catalina.core.ApplicationContext.log HTMLManager: list: Listing contexts for virtual host 'localhost'
29-Sep-2017 21:10:08.002 INFO [http-nio-9999-exec-41] org.apache.catalina.core.ApplicationContext.log HTMLManager: undeploy: Undeploying web application at '/Narwhal'
29-Sep-2017 21:10:08.010 INFO [http-nio-9999-exec-41] org.apache.catalina.core.ApplicationContext.log HTMLManager: list: Listing contexts for virtual host 'localhost'
29-Sep-2017 21:10:12.664 INFO [http-nio-9999-exec-47] org.apache.catalina.core.ApplicationContext.log HTMLManager: start: Starting web application '/Narwhal'
29-Sep-2017 21:10:12.814 INFO [http-nio-9999-exec-47] org.apache.catalina.core.ApplicationContext.log HTMLManager: list: Listing contexts for virtual host 'localhost'
29-Sep-2017 21:10:16.756 INFO [http-nio-9999-exec-51] org.apache.catalina.core.ApplicationContext.log HTMLManager: stop: Stopping web application '/Narwhal'
29-Sep-2017 21:10:16.760 INFO [http-nio-9999-exec-51] org.apache.catalina.core.ApplicationContext.log HTMLManager: list: Listing contexts for virtual host 'localhost'
29-Sep-2017 21:10:18.203 INFO [http-nio-9999-exec-54] org.apache.catalina.core.ApplicationContext.log HTMLManager: undeploy: Undeploying web application at '/Narwhal'
29-Sep-2017 21:10:18.709 INFO [http-nio-9999-exec-54] org.apache.catalina.core.ApplicationContext.log HTMLManager: list: Listing contexts for virtual host 'localhost'
29-Sep-2017 21:10:26.705 INFO [http-nio-9999-exec-50] org.apache.catalina.core.ApplicationContext.log HTMLManager: list: Listing contexts for virtual host 'localhost'
29-Sep-2017 22:18:37.966 INFO [http-nio-9999-exec-63] org.apache.catalina.core.ApplicationContext.log HTMLManager: list: Listing contexts for virtual host 'localhost'
29-Sep-2017 22:18:41.444 INFO [http-nio-9999-exec-64] org.apache.catalina.core.ApplicationContext.log HTMLManager: stop: Stopping web application '/Narwhal'
29-Sep-2017 22:18:41.480 INFO [http-nio-9999-exec-64] org.apache.catalina.core.ApplicationContext.log HTMLManager: list: Listing contexts for virtual host 'localhost'
29-Sep-2017 22:18:44.408 INFO [http-nio-9999-exec-61] org.apache.catalina.core.ApplicationContext.log HTMLManager: undeploy: Undeploying web application at '/Narwhal'
29-Sep-2017 22:18:44.443 INFO [http-nio-9999-exec-61] org.apache.catalina.core.ApplicationContext.log HTMLManager: list: Listing contexts for virtual host 'localhost'
29-Sep-2017 22:18:51.713 INFO [http-nio-9999-exec-57] org.apache.catalina.core.ApplicationContext.log HTMLManager: start: Starting web application '/Narwhal'
29-Sep-2017 22:18:51.713 INFO [http-nio-9999-exec-57] org.apache.catalina.core.ApplicationContext.log HTMLManager: list: Listing contexts for virtual host 'localhost'
29-Sep-2017 22:18:52.767 INFO [http-nio-9999-exec-56] org.apache.catalina.core.ApplicationContext.log HTMLManager: stop: Stopping web application '/Narwhal'
29-Sep-2017 22:18:52.773 INFO [http-nio-9999-exec-56] org.apache.catalina.core.ApplicationContext.log HTMLManager: list: Listing contexts for virtual host 'localhost'
29-Sep-2017 22:18:53.616 INFO [http-nio-9999-exec-57] org.apache.catalina.core.ApplicationContext.log HTMLManager: undeploy: Undeploying web application at '/Narwhal'
29-Sep-2017 22:18:53.617 INFO [http-nio-9999-exec-57] org.apache.catalina.core.ApplicationContext.log HTMLManager: list: Listing contexts for virtual host 'localhost'
29-Sep-2017 22:18:54.684 INFO [http-nio-9999-exec-62] org.apache.catalina.core.ApplicationContext.log HTMLManager: start: Starting web application '/Narwhal'
29-Sep-2017 22:18:54.839 INFO [http-nio-9999-exec-62] org.apache.catalina.core.ApplicationContext.log HTMLManager: list: Listing contexts for virtual host 'localhost'
29-Sep-2017 22:18:55.951 INFO [http-nio-9999-exec-58] org.apache.catalina.core.ApplicationContext.log HTMLManager: restart: Reloading web application '/Narwhal'
29-Sep-2017 22:18:56.061 INFO [http-nio-9999-exec-58] org.apache.catalina.core.ApplicationContext.log HTMLManager: list: Listing contexts for virtual host 'localhost'
29-Sep-2017 22:18:56.946 INFO [http-nio-9999-exec-65] org.apache.catalina.core.ApplicationContext.log HTMLManager: stop: Stopping web application '/Narwhal'
29-Sep-2017 22:18:56.949 INFO [http-nio-9999-exec-65] org.apache.catalina.core.ApplicationContext.log HTMLManager: list: Listing contexts for virtual host 'localhost'
29-Sep-2017 22:18:57.673 INFO [http-nio-9999-exec-68] org.apache.catalina.core.ApplicationContext.log HTMLManager: undeploy: Undeploying web application at '/Narwhal'
29-Sep-2017 22:18:57.675 INFO [http-nio-9999-exec-68] org.apache.catalina.core.ApplicationContext.log HTMLManager: list: Listing contexts for virtual host 'localhost'
29-Sep-2017 22:18:58.446 INFO [http-nio-9999-exec-60] org.apache.catalina.core.ApplicationContext.log HTMLManager: start: Starting web application '/Narwhal'
29-Sep-2017 22:18:58.608 INFO [http-nio-9999-exec-60] org.apache.catalina.core.ApplicationContext.log HTMLManager: list: Listing contexts for virtual host 'localhost'
29-Sep-2017 22:19:06.230 INFO [http-nio-9999-exec-55] org.apache.catalina.core.ApplicationContext.log HTMLManager: stop: Stopping web application '/Narwhal'
29-Sep-2017 22:19:06.234 INFO [http-nio-9999-exec-55] org.apache.catalina.core.ApplicationContext.log HTMLManager: list: Listing contexts for virtual host 'localhost'
29-Sep-2017 22:19:07.345 INFO [http-nio-9999-exec-70] org.apache.catalina.core.ApplicationContext.log HTMLManager: undeploy: Undeploying web application at '/Narwhal'
29-Sep-2017 22:19:07.347 INFO [http-nio-9999-exec-70] org.apache.catalina.core.ApplicationContext.log HTMLManager: list: Listing contexts for virtual host 'localhost'
29-Sep-2017 22:19:09.107 INFO [http-nio-9999-exec-63] org.apache.catalina.core.ApplicationContext.log HTMLManager: start: Starting web application '/Narwhal'
29-Sep-2017 22:19:09.295 INFO [http-nio-9999-exec-63] org.apache.catalina.core.ApplicationContext.log HTMLManager: list: Listing contexts for virtual host 'localhost'
29-Sep-2017 22:19:12.378 INFO [http-nio-9999-exec-66] org.apache.catalina.core.ApplicationContext.log HTMLManager: undeploy: Undeploying web application at '/Narwhal'
29-Sep-2017 22:19:12.894 INFO [http-nio-9999-exec-66] org.apache.catalina.core.ApplicationContext.log HTMLManager: list: Listing contexts for virtual host 'localhost'
29-Sep-2017 22:19:23.268 INFO [http-nio-9999-exec-72] org.apache.catalina.core.ApplicationContext.log HTMLManager: list: Listing contexts for virtual host 'localhost'
29-Sep-2017 22:28:48.920 INFO [http-nio-9999-exec-80] org.apache.catalina.core.ApplicationContext.log HTMLManager: undeploy: Undeploying web application at '/Narwhal'
29-Sep-2017 22:28:48.951 INFO [http-nio-9999-exec-80] org.apache.catalina.core.ApplicationContext.log HTMLManager: list: Listing contexts for virtual host 'localhost'
29-Sep-2017 22:28:51.174 INFO [http-nio-9999-exec-78] org.apache.catalina.core.ApplicationContext.log HTMLManager: start: Starting web application '/Narwhal'
29-Sep-2017 22:28:51.426 INFO [http-nio-9999-exec-78] org.apache.catalina.core.ApplicationContext.log HTMLManager: list: Listing contexts for virtual host 'localhost'
29-Sep-2017 22:28:53.971 INFO [http-nio-9999-exec-82] org.apache.catalina.core.ApplicationContext.log HTMLManager: undeploy: Undeploying web application at '/Narwhal'
29-Sep-2017 22:28:53.977 INFO [http-nio-9999-exec-82] org.apache.catalina.core.ApplicationContext.log HTMLManager: list: Listing contexts for virtual host 'localhost'
29-Sep-2017 22:28:55.624 INFO [http-nio-9999-exec-81] org.apache.catalina.core.ApplicationContext.log HTMLManager: start: Starting web application '/Narwhal'
29-Sep-2017 22:28:55.732 INFO [http-nio-9999-exec-81] org.apache.catalina.core.ApplicationContext.log HTMLManager: list: Listing contexts for virtual host 'localhost'
29-Sep-2017 22:28:56.612 INFO [http-nio-9999-exec-84] org.apache.catalina.core.ApplicationContext.log HTMLManager: stop: Stopping web application '/Narwhal'
29-Sep-2017 22:28:56.616 INFO [http-nio-9999-exec-84] org.apache.catalina.core.ApplicationContext.log HTMLManager: list: Listing contexts for virtual host 'localhost'
29-Sep-2017 22:28:57.451 INFO [http-nio-9999-exec-88] org.apache.catalina.core.ApplicationContext.log HTMLManager: undeploy: Undeploying web application at '/Narwhal'
29-Sep-2017 22:28:57.452 INFO [http-nio-9999-exec-88] org.apache.catalina.core.ApplicationContext.log HTMLManager: list: Listing contexts for virtual host 'localhost'
29-Sep-2017 22:28:58.480 INFO [http-nio-9999-exec-87] org.apache.catalina.core.ApplicationContext.log HTMLManager: start: Starting web application '/Narwhal'
29-Sep-2017 22:28:58.649 INFO [http-nio-9999-exec-87] org.apache.catalina.core.ApplicationContext.log HTMLManager: list: Listing contexts for virtual host 'localhost'
29-Sep-2017 22:28:59.425 INFO [http-nio-9999-exec-79] org.apache.catalina.core.ApplicationContext.log HTMLManager: undeploy: Undeploying web application at '/Narwhal'
29-Sep-2017 22:28:59.935 INFO [http-nio-9999-exec-79] org.apache.catalina.core.ApplicationContext.log HTMLManager: list: Listing contexts for virtual host 'localhost'
29-Sep-2017 22:29:03.523 INFO [http-nio-9999-exec-84] org.apache.catalina.core.ApplicationContext.log HTMLManager: list: Listing contexts for virtual host 'localhost'
29-Sep-2017 22:29:12.141 INFO [http-nio-9999-exec-92] org.apache.catalina.core.ApplicationContext.log HTMLManager: list: Listing contexts for virtual host 'localhost'
29-Sep-2017 22:49:57.291 INFO [http-nio-9999-exec-95] org.apache.catalina.core.ApplicationContext.log HTMLManager: undeploy: Undeploying web application at '/Narwhal'
29-Sep-2017 22:49:57.331 INFO [http-nio-9999-exec-95] org.apache.catalina.core.ApplicationContext.log HTMLManager: list: Listing contexts for virtual host 'localhost'
29-Sep-2017 22:49:59.291 INFO [http-nio-9999-exec-98] org.apache.catalina.core.ApplicationContext.log HTMLManager: start: Starting web application '/Narwhal'
29-Sep-2017 22:49:59.555 INFO [http-nio-9999-exec-98] org.apache.catalina.core.ApplicationContext.log HTMLManager: list: Listing contexts for virtual host 'localhost'
29-Sep-2017 22:50:00.131 INFO [http-nio-9999-exec-99] org.apache.catalina.core.ApplicationContext.log HTMLManager: stop: Stopping web application '/Narwhal'
29-Sep-2017 22:50:00.136 INFO [http-nio-9999-exec-99] org.apache.catalina.core.ApplicationContext.log HTMLManager: list: Listing contexts for virtual host 'localhost'
29-Sep-2017 22:50:00.813 INFO [http-nio-9999-exec-94] org.apache.catalina.core.ApplicationContext.log HTMLManager: undeploy: Undeploying web application at '/Narwhal'
29-Sep-2017 22:50:00.814 INFO [http-nio-9999-exec-94] org.apache.catalina.core.ApplicationContext.log HTMLManager: list: Listing contexts for virtual host 'localhost'
29-Sep-2017 22:50:02.162 INFO [http-nio-9999-exec-96] org.apache.catalina.core.ApplicationContext.log HTMLManager: start: Starting web application '/Narwhal'
29-Sep-2017 22:50:02.442 INFO [http-nio-9999-exec-96] org.apache.catalina.core.ApplicationContext.log HTMLManager: list: Listing contexts for virtual host 'localhost'
29-Sep-2017 22:50:03.121 INFO [http-nio-9999-exec-102] org.apache.catalina.core.ApplicationContext.log HTMLManager: undeploy: Undeploying web application at '/Narwhal'
29-Sep-2017 22:50:03.125 INFO [http-nio-9999-exec-102] org.apache.catalina.core.ApplicationContext.log HTMLManager: list: Listing contexts for virtual host 'localhost'
29-Sep-2017 22:50:04.172 INFO [http-nio-9999-exec-105] org.apache.catalina.core.ApplicationContext.log HTMLManager: start: Starting web application '/Narwhal'
29-Sep-2017 22:50:04.224 INFO [http-nio-9999-exec-105] org.apache.catalina.core.ApplicationContext.log HTMLManager: list: Listing contexts for virtual host 'localhost'
29-Sep-2017 22:50:05.937 INFO [http-nio-9999-exec-97] org.apache.catalina.core.ApplicationContext.log HTMLManager: restart: Reloading web application '/Narwhal'
29-Sep-2017 22:50:05.972 INFO [http-nio-9999-exec-97] org.apache.catalina.core.ApplicationContext.log HTMLManager: list: Listing contexts for virtual host 'localhost'
29-Sep-2017 22:50:06.986 INFO [http-nio-9999-exec-102] org.apache.catalina.core.ApplicationContext.log HTMLManager: undeploy: Undeploying web application at '/Narwhal'
29-Sep-2017 22:50:06.990 INFO [http-nio-9999-exec-102] org.apache.catalina.core.ApplicationContext.log HTMLManager: list: Listing contexts for virtual host 'localhost'
29-Sep-2017 22:50:08.289 INFO [http-nio-9999-exec-107] org.apache.catalina.core.ApplicationContext.log HTMLManager: start: Starting web application '/Narwhal'
29-Sep-2017 22:50:08.338 INFO [http-nio-9999-exec-107] org.apache.catalina.core.ApplicationContext.log HTMLManager: list: Listing contexts for virtual host 'localhost'
29-Sep-2017 22:50:09.520 INFO [http-nio-9999-exec-93] org.apache.catalina.core.ApplicationContext.log HTMLManager: restart: Reloading web application '/Narwhal'
29-Sep-2017 22:50:09.554 INFO [http-nio-9999-exec-93] org.apache.catalina.core.ApplicationContext.log HTMLManager: list: Listing contexts for virtual host 'localhost'
29-Sep-2017 22:50:10.198 INFO [http-nio-9999-exec-103] org.apache.catalina.core.ApplicationContext.log HTMLManager: stop: Stopping web application '/Narwhal'
29-Sep-2017 22:50:10.202 INFO [http-nio-9999-exec-103] org.apache.catalina.core.ApplicationContext.log HTMLManager: list: Listing contexts for virtual host 'localhost'
29-Sep-2017 22:50:10.934 INFO [http-nio-9999-exec-99] org.apache.catalina.core.ApplicationContext.log HTMLManager: undeploy: Undeploying web application at '/Narwhal'
29-Sep-2017 22:50:10.935 INFO [http-nio-9999-exec-99] org.apache.catalina.core.ApplicationContext.log HTMLManager: list: Listing contexts for virtual host 'localhost'
29-Sep-2017 22:50:11.965 INFO [http-nio-9999-exec-111] org.apache.catalina.core.ApplicationContext.log HTMLManager: start: Starting web application '/Narwhal'
29-Sep-2017 22:50:12.022 INFO [http-nio-9999-exec-111] org.apache.catalina.core.ApplicationContext.log HTMLManager: list: Listing contexts for virtual host 'localhost'
29-Sep-2017 22:50:12.777 INFO [http-nio-9999-exec-110] org.apache.catalina.core.ApplicationContext.log HTMLManager: undeploy: Undeploying web application at '/Narwhal'
29-Sep-2017 22:50:12.780 INFO [http-nio-9999-exec-110] org.apache.catalina.core.ApplicationContext.log HTMLManager: list: Listing contexts for virtual host 'localhost'
29-Sep-2017 22:50:13.693 INFO [http-nio-9999-exec-103] org.apache.catalina.core.ApplicationContext.log HTMLManager: start: Starting web application '/Narwhal'
29-Sep-2017 22:50:13.741 INFO [http-nio-9999-exec-103] org.apache.catalina.core.ApplicationContext.log HTMLManager: list: Listing contexts for virtual host 'localhost'
29-Sep-2017 22:50:14.437 INFO [http-nio-9999-exec-109] org.apache.catalina.core.ApplicationContext.log HTMLManager: undeploy: Undeploying web application at '/Narwhal'
29-Sep-2017 22:50:14.441 INFO [http-nio-9999-exec-109] org.apache.catalina.core.ApplicationContext.log HTMLManager: list: Listing contexts for virtual host 'localhost'
29-Sep-2017 22:50:15.251 INFO [http-nio-9999-exec-112] org.apache.catalina.core.ApplicationContext.log HTMLManager: start: Starting web application '/Narwhal'
29-Sep-2017 22:50:15.300 INFO [http-nio-9999-exec-112] org.apache.catalina.core.ApplicationContext.log HTMLManager: list: Listing contexts for virtual host 'localhost'
29-Sep-2017 22:50:16.555 INFO [http-nio-9999-exec-106] org.apache.catalina.core.ApplicationContext.log HTMLManager: stop: Stopping web application '/Narwhal'
29-Sep-2017 22:50:16.558 INFO [http-nio-9999-exec-106] org.apache.catalina.core.ApplicationContext.log HTMLManager: list: Listing contexts for virtual host 'localhost'
29-Sep-2017 22:50:17.143 INFO [http-nio-9999-exec-101] org.apache.catalina.core.ApplicationContext.log HTMLManager: start: Starting web application '/Narwhal'
29-Sep-2017 22:50:17.181 INFO [http-nio-9999-exec-101] org.apache.catalina.core.ApplicationContext.log HTMLManager: list: Listing contexts for virtual host 'localhost'
29-Sep-2017 22:50:17.864 INFO [http-nio-9999-exec-110] org.apache.catalina.core.ApplicationContext.log HTMLManager: undeploy: Undeploying web application at '/Narwhal'
29-Sep-2017 22:50:17.868 INFO [http-nio-9999-exec-110] org.apache.catalina.core.ApplicationContext.log HTMLManager: list: Listing contexts for virtual host 'localhost'
29-Sep-2017 22:50:19.018 INFO [http-nio-9999-exec-109] org.apache.catalina.core.ApplicationContext.log HTMLManager: start: Starting web application '/Narwhal'
29-Sep-2017 22:50:19.085 INFO [http-nio-9999-exec-109] org.apache.catalina.core.ApplicationContext.log HTMLManager: list: Listing contexts for virtual host 'localhost'
29-Sep-2017 22:50:19.883 INFO [http-nio-9999-exec-114] org.apache.catalina.core.ApplicationContext.log HTMLManager: restart: Reloading web application '/Narwhal'
29-Sep-2017 22:50:19.916 INFO [http-nio-9999-exec-114] org.apache.catalina.core.ApplicationContext.log HTMLManager: list: Listing contexts for virtual host 'localhost'
29-Sep-2017 22:50:21.002 INFO [http-nio-9999-exec-108] org.apache.catalina.core.ApplicationContext.log HTMLManager: undeploy: Undeploying web application at '/Narwhal'
29-Sep-2017 22:50:21.513 INFO [http-nio-9999-exec-108] org.apache.catalina.core.ApplicationContext.log HTMLManager: list: Listing contexts for virtual host 'localhost'
29-Sep-2017 22:50:21.956 INFO [http-nio-9999-exec-101] org.apache.catalina.core.ApplicationContext.log HTMLManager: stop: Stopping web application '/docs'
29-Sep-2017 22:50:21.957 INFO [http-nio-9999-exec-101] org.apache.catalina.core.ApplicationContext.log HTMLManager: list: Listing contexts for virtual host 'localhost'
29-Sep-2017 22:50:24.195 INFO [http-nio-9999-exec-119] org.apache.catalina.core.ApplicationContext.log HTMLManager: start: Starting web application '/docs'
29-Sep-2017 22:50:24.205 INFO [http-nio-9999-exec-119] org.apache.catalina.core.ApplicationContext.log HTMLManager: list: Listing contexts for virtual host 'localhost'
29-Sep-2017 22:50:31.146 INFO [http-nio-9999-exec-114] org.apache.catalina.core.ApplicationContext.log HTMLManager: list: Listing contexts for virtual host 'localhost'
